{"$message_type":"diagnostic","message":"linking with `cc` failed: exit status: 1","code":null,"level":"error","spans":[],"children":[{"message":"LC_ALL=\"C\" PATH=\"/Users/evan/.rustup/toolchains/nightly-aarch64-apple-darwin/lib/rustlib/aarch64-apple-darwin/bin:/Users/evan/.sdkman/candidates/java/current/bin:/opt/homebrew/bin:/usr/local/bin:/System/Cryptexes/App/usr/bin:/usr/bin:/bin:/usr/sbin:/sbin:/var/run/com.apple.security.cryptexd/codex.system/bootstrap/usr/local/bin:/var/run/com.apple.security.cryptexd/codex.system/bootstrap/usr/bin:/var/run/com.apple.security.cryptexd/codex.system/bootstrap/usr/appleinternal/bin:/usr/local/go/bin:/Users/evan/.sdkman/candidates/java/current/bin:/opt/homebrew/bin:/Users/evan/.cargo/bin\" VSLANG=\"1033\" \"cc\" \"/var/folders/85/35nhfcbx1hd27zcm1h_2jz580000gn/T/rustcVIRS5S/symbols.o\" \"<1 object files omitted>\" \"-Wl,--as-needed\" \"-Wl,-Bstatic\" \"/Users/evan/Projects/Rust/Barclay/target/riscv64gc-unknown-linux-gnu/release/deps/{librustc_std_workspace_core-56374d06ee704535.rlib,libcore-071fd3e7bf8f1965.rlib,libcompiler_builtins-7cd3271c37d5336e.rlib}\" \"-Wl,-Bdynamic\" \"-Wl,--eh-frame-hdr\" \"-Wl,-z,noexecstack\" \"-L\" \"/Users/evan/.rustup/toolchains/nightly-aarch64-apple-darwin/lib/rustlib/riscv64gc-unknown-linux-gnu/lib\" \"-o\" \"/Users/evan/Projects/Rust/Barclay/target/riscv64gc-unknown-linux-gnu/release/deps/Barclay_OS-779d34767ae30af8\" \"-Wl,--gc-sections\" \"-pie\" \"-Wl,-z,relro,-z,now\" \"-Wl,-O1\" \"-Wl,--strip-debug\" \"-nodefaultlibs\"","code":null,"level":"note","spans":[],"children":[],"rendered":null},{"message":"some arguments are omitted. use `--verbose` to show all linker arguments","code":null,"level":"note","spans":[],"children":[],"rendered":null},{"message":"clang: warning: argument unused during compilation: '-pie' [-Wunused-command-line-argument]\nld: unknown options: --as-needed -Bstatic -Bdynamic --eh-frame-hdr -z --gc-sections -z -z --strip-debug \nclang: error: linker command failed with exit code 1 (use -v to see invocation)\n","code":null,"level":"note","spans":[],"children":[],"rendered":null}],"rendered":"\u001b[0m\u001b[1m\u001b[38;5;9merror\u001b[0m\u001b[0m\u001b[1m: linking with `cc` failed: exit status: 1\u001b[0m\n\u001b[0m  \u001b[0m\u001b[0m\u001b[1m\u001b[38;5;12m|\u001b[0m\n\u001b[0m  \u001b[0m\u001b[0m\u001b[1m\u001b[38;5;12m= \u001b[0m\u001b[0m\u001b[1mnote\u001b[0m\u001b[0m: LC_ALL=\"C\" PATH=\"/Users/evan/.rustup/toolchains/nightly-aarch64-apple-darwin/lib/rustlib/aarch64-apple-darwin/bin:/Users/evan/.sdkman/candidates/java/current/bin:/opt/homebrew/bin:/usr/local/bin:/System/Cryptexes/App/usr/bin:/usr/bin:/bin:/usr/sbin:/sbin:/var/run/com.apple.security.cryptexd/codex.system/bootstrap/usr/local/bin:/var/run/com.apple.security.cryptexd/codex.system/bootstrap/usr/bin:/var/run/com.apple.security.cryptexd/codex.system/bootstrap/usr/appleinternal/bin:/usr/local/go/bin:/Users/evan/.sdkman/candidates/java/current/bin:/opt/homebrew/bin:/Users/evan/.cargo/bin\" VSLANG=\"1033\" \"cc\" \"/var/folders/85/35nhfcbx1hd27zcm1h_2jz580000gn/T/rustcVIRS5S/symbols.o\" \"<1 object files omitted>\" \"-Wl,--as-needed\" \"-Wl,-Bstatic\" \"/Users/evan/Projects/Rust/Barclay/target/riscv64gc-unknown-linux-gnu/release/deps/{librustc_std_workspace_core-56374d06ee704535.rlib,libcore-071fd3e7bf8f1965.rlib,libcompiler_builtins-7cd3271c37d5336e.rlib}\" \"-Wl,-Bdynamic\" \"-Wl,--eh-frame-hdr\" \"-Wl,-z,noexecstack\" \"-L\" \"/Users/evan/.rustup/toolchains/nightly-aarch64-apple-darwin/lib/rustlib/riscv64gc-unknown-linux-gnu/lib\" \"-o\" \"/Users/evan/Projects/Rust/Barclay/target/riscv64gc-unknown-linux-gnu/release/deps/Barclay_OS-779d34767ae30af8\" \"-Wl,--gc-sections\" \"-pie\" \"-Wl,-z,relro,-z,now\" \"-Wl,-O1\" \"-Wl,--strip-debug\" \"-nodefaultlibs\"\u001b[0m\n\u001b[0m  \u001b[0m\u001b[0m\u001b[1m\u001b[38;5;12m= \u001b[0m\u001b[0m\u001b[1mnote\u001b[0m\u001b[0m: some arguments are omitted. use `--verbose` to show all linker arguments\u001b[0m\n\u001b[0m  \u001b[0m\u001b[0m\u001b[1m\u001b[38;5;12m= \u001b[0m\u001b[0m\u001b[1mnote\u001b[0m\u001b[0m: clang: warning: argument unused during compilation: '-pie' [-Wunused-command-line-argument]\u001b[0m\n\u001b[0m          ld: unknown options: --as-needed -Bstatic -Bdynamic --eh-frame-hdr -z --gc-sections -z -z --strip-debug \u001b[0m\n\u001b[0m          clang: error: linker command failed with exit code 1 (use -v to see invocation)\u001b[0m\n\u001b[0m          \u001b[0m\n\n"}
{"$message_type":"diagnostic","message":"aborting due to 1 previous error","code":null,"level":"error","spans":[],"children":[],"rendered":"\u001b[0m\u001b[1m\u001b[38;5;9merror\u001b[0m\u001b[0m\u001b[1m: aborting due to 1 previous error\u001b[0m\n\n"}
